<?xml version="1.0" encoding="UTF-8"?>
<!-- Generated by org.testng.reporters.JUnitXMLReporter -->
<testsuite ignored="0" hostname="YASH-PC" failures="0" tests="4" name="Default test" time="15.41" errors="0" timestamp="19 Aug 2021 07:43:55 GMT">
  <testcase classname="TC_1_Magento" name="launchbrswr" time="14.966"/>
  <testcase classname="TC_1_Magento" name="senddata" time="0.124"/>
  <testcase classname="TC_1_Magento" name="checkele" time="0.092"/>
  <testcase classname="TC_1_Magento" name="checkbox" time="0.193"/>
</testsuite> <!-- Default test -->
