<?xml version="1.0" encoding="UTF-8"?>
<!-- Generated by org.testng.reporters.JUnitXMLReporter -->
<testsuite ignored="0" hostname="YASH-PC" failures="0" tests="4" name="ChromeTest" time="11.664" errors="0" timestamp="19 Aug 2021 13:30:18 GMT">
  <testcase classname="TestPackage.TC_1_Magento" name="launchbrswr" time="11.157"/>
  <testcase classname="TestPackage.TC_1_Magento" name="checkele" time="0.189"/>
  <testcase classname="TestPackage.TC_1_Magento" name="senddata" time="0.171"/>
  <testcase classname="TestPackage.TC_1_Magento" name="checkbox" time="0.111"/>
</testsuite> <!-- ChromeTest -->
