<?xml version="1.0" encoding="UTF-8"?>
<!-- Generated by org.testng.reporters.JUnitXMLReporter -->
<testsuite ignored="0" hostname="YASH-PC" failures="0" tests="4" name="FirefoxTest" time="29.163" errors="0" timestamp="19 Aug 2021 13:30:35 GMT">
  <testcase classname="TestPackage.TC_1_Magento" name="launchbrswr" time="27.806"/>
  <testcase classname="TestPackage.TC_1_Magento" name="checkele" time="0.183"/>
  <testcase classname="TestPackage.TC_1_Magento" name="senddata" time="0.872"/>
  <testcase classname="TestPackage.TC_1_Magento" name="checkbox" time="0.269"/>
</testsuite> <!-- FirefoxTest -->
