<?xml version="1.0" encoding="UTF-8"?>
<!-- Generated by org.testng.reporters.JUnitXMLReporter -->
<testsuite ignored="1" hostname="YASH-PC" failures="0" tests="4" name="E2E" time="23.501" errors="0" timestamp="19 Aug 2021 07:58:12 GMT">
  <testcase classname="TestPackage.TC_1_Magento" name="launchbrswr" time="23.062"/>
  <testcase classname="TestPackage.TC_1_Magento" name="senddata" time="0.108"/>
  <testcase classname="TestPackage.TC_1_Magento" name="checkbox" time="0.156"/>
  <testcase classname="TestPackage.TC_1_Magento" name="companyname" time="0.134"/>
  <testcase classname="TestPackage.TC_1_Magento" name="checkele" time="0.0">
    <ignored/>
  </testcase> <!-- checkele -->
</testsuite> <!-- E2E -->
