<?xml version="1.0" encoding="UTF-8"?>
<testng-results ignored="0" total="8" passed="8" failed="0" skipped="0">
  <reporter-output>
  </reporter-output>
  <suite started-at="2021-08-19T13:30:06Z" name="TestSuite" finished-at="2021-08-19T13:30:35Z" duration-ms="29163">
    <groups>
      <group name="e2e">
        <method signature="TC_1_Magento.checkbox()[pri:4, instance:TestPackage.TC_1_Magento@214b199c]" name="checkbox" class="TestPackage.TC_1_Magento"/>
        <method signature="TC_1_Magento.launchbrswr(java.lang.String)[pri:1, instance:TestPackage.TC_1_Magento@214b199c]" name="launchbrswr" class="TestPackage.TC_1_Magento"/>
        <method signature="TC_1_Magento.senddata()[pri:3, instance:TestPackage.TC_1_Magento@214b199c]" name="senddata" class="TestPackage.TC_1_Magento"/>
        <method signature="TC_1_Magento.checkbox()[pri:4, instance:TestPackage.TC_1_Magento@f2f2cc1]" name="checkbox" class="TestPackage.TC_1_Magento"/>
        <method signature="TC_1_Magento.launchbrswr(java.lang.String)[pri:1, instance:TestPackage.TC_1_Magento@f2f2cc1]" name="launchbrswr" class="TestPackage.TC_1_Magento"/>
        <method signature="TC_1_Magento.senddata()[pri:3, instance:TestPackage.TC_1_Magento@f2f2cc1]" name="senddata" class="TestPackage.TC_1_Magento"/>
      </group> <!-- e2e -->
      <group name="check">
        <method signature="TC_1_Magento.checkbox()[pri:4, instance:TestPackage.TC_1_Magento@214b199c]" name="checkbox" class="TestPackage.TC_1_Magento"/>
        <method signature="TC_1_Magento.checkele()[pri:2, instance:TestPackage.TC_1_Magento@214b199c]" name="checkele" class="TestPackage.TC_1_Magento"/>
        <method signature="TC_1_Magento.launchbrswr(java.lang.String)[pri:1, instance:TestPackage.TC_1_Magento@214b199c]" name="launchbrswr" class="TestPackage.TC_1_Magento"/>
        <method signature="TC_1_Magento.checkbox()[pri:4, instance:TestPackage.TC_1_Magento@f2f2cc1]" name="checkbox" class="TestPackage.TC_1_Magento"/>
        <method signature="TC_1_Magento.checkele()[pri:2, instance:TestPackage.TC_1_Magento@f2f2cc1]" name="checkele" class="TestPackage.TC_1_Magento"/>
        <method signature="TC_1_Magento.launchbrswr(java.lang.String)[pri:1, instance:TestPackage.TC_1_Magento@f2f2cc1]" name="launchbrswr" class="TestPackage.TC_1_Magento"/>
      </group> <!-- check -->
    </groups>
    <test started-at="2021-08-19T13:30:06Z" name="ChromeTest" finished-at="2021-08-19T13:30:18Z" duration-ms="11664">
      <class name="TestPackage.TC_1_Magento">
        <test-method signature="launchbrswr(java.lang.String)[pri:1, instance:TestPackage.TC_1_Magento@214b199c]" started-at="2021-08-19T13:30:06Z" name="launchbrswr" finished-at="2021-08-19T13:30:17Z" duration-ms="11157" status="PASS">
          <params>
            <param index="0">
              <value>
                <![CDATA[chrome]]>
              </value>
            </param>
          </params>
          <reporter-output>
          </reporter-output>
        </test-method> <!-- launchbrswr -->
        <test-method signature="checkele()[pri:2, instance:TestPackage.TC_1_Magento@214b199c]" started-at="2021-08-19T13:30:17Z" name="checkele" finished-at="2021-08-19T13:30:18Z" duration-ms="189" status="PASS">
          <reporter-output>
          </reporter-output>
        </test-method> <!-- checkele -->
        <test-method signature="senddata()[pri:3, instance:TestPackage.TC_1_Magento@214b199c]" started-at="2021-08-19T13:30:18Z" name="senddata" finished-at="2021-08-19T13:30:18Z" duration-ms="171" status="PASS">
          <reporter-output>
          </reporter-output>
        </test-method> <!-- senddata -->
        <test-method signature="checkbox()[pri:4, instance:TestPackage.TC_1_Magento@214b199c]" started-at="2021-08-19T13:30:18Z" name="checkbox" finished-at="2021-08-19T13:30:18Z" duration-ms="111" status="PASS">
          <reporter-output>
          </reporter-output>
        </test-method> <!-- checkbox -->
      </class> <!-- TestPackage.TC_1_Magento -->
    </test> <!-- ChromeTest -->
    <test started-at="2021-08-19T13:30:06Z" name="FirefoxTest" finished-at="2021-08-19T13:30:35Z" duration-ms="29163">
      <class name="TestPackage.TC_1_Magento">
        <test-method signature="launchbrswr(java.lang.String)[pri:1, instance:TestPackage.TC_1_Magento@f2f2cc1]" started-at="2021-08-19T13:30:06Z" name="launchbrswr" finished-at="2021-08-19T13:30:34Z" duration-ms="27806" status="PASS">
          <params>
            <param index="0">
              <value>
                <![CDATA[firefox]]>
              </value>
            </param>
          </params>
          <reporter-output>
          </reporter-output>
        </test-method> <!-- launchbrswr -->
        <test-method signature="checkele()[pri:2, instance:TestPackage.TC_1_Magento@f2f2cc1]" started-at="2021-08-19T13:30:34Z" name="checkele" finished-at="2021-08-19T13:30:34Z" duration-ms="183" status="PASS">
          <reporter-output>
          </reporter-output>
        </test-method> <!-- checkele -->
        <test-method signature="senddata()[pri:3, instance:TestPackage.TC_1_Magento@f2f2cc1]" started-at="2021-08-19T13:30:34Z" name="senddata" finished-at="2021-08-19T13:30:35Z" duration-ms="872" status="PASS">
          <reporter-output>
          </reporter-output>
        </test-method> <!-- senddata -->
        <test-method signature="checkbox()[pri:4, instance:TestPackage.TC_1_Magento@f2f2cc1]" started-at="2021-08-19T13:30:35Z" name="checkbox" finished-at="2021-08-19T13:30:35Z" duration-ms="269" status="PASS">
          <reporter-output>
          </reporter-output>
        </test-method> <!-- checkbox -->
      </class> <!-- TestPackage.TC_1_Magento -->
    </test> <!-- FirefoxTest -->
  </suite> <!-- TestSuite -->
</testng-results>
